<?xml version="1.0" encoding="UTF-8"?>
<testsuite name="registro en utest" tests="1" skipped="0" failures="1" errors="0" timestamp="2021-02-11T21:21:18" hostname="DESKTOP-28BTK4M" time="0.279">
  <properties/>
  <testcase name="Registro de datos" classname="registro en utest" time="0.279">
    <failure message="cucumber.runtime.CucumberException: Arity mismatch: Step Definition 'co.com.choucair.certification.retoFinal.stepdefinitions.ChoucairAcademyStepDefinitions.queUnUsuarioQuiereRegistrarSusDatosEnUtest(UtestData&gt;) in file:/C:/Users/Usuario/IdeaProjects/co.com.choucair.certification.retoFinal/build/classes/java/test/' with pattern [^que un usuario quiere registrar sus datos en utest$] is declared with 1 parameters. However, the gherkin step has 0 arguments []. &#10;Step text: que un usuario quiere registrar sus datos en utest" type="cucumber.runtime.CucumberException">cucumber.runtime.CucumberException: Arity mismatch: Step Definition 'co.com.choucair.certification.retoFinal.stepdefinitions.ChoucairAcademyStepDefinitions.queUnUsuarioQuiereRegistrarSusDatosEnUtest(UtestData&gt;) in file:/C:/Users/Usuario/IdeaProjects/co.com.choucair.certification.retoFinal/build/classes/java/test/' with pattern [^que un usuario quiere registrar sus datos en utest$] is declared with 1 parameters. However, the gherkin step has 0 arguments []. 
Step text: que un usuario quiere registrar sus datos en utest
	at cucumber.runtime.StepDefinitionMatch.arityMismatch(StepDefinitionMatch.java:111)
	at cucumber.runtime.StepDefinitionMatch.transformedArgs(StepDefinitionMatch.java:66)
	at cucumber.runtime.StepDefinitionMatch.runStep(StepDefinitionMatch.java:40)
	at cucumber.api.TestStep.executeStep(TestStep.java:102)
	at cucumber.api.TestStep.run(TestStep.java:83)
	at cucumber.api.TestCase.run(TestCase.java:58)
	at cucumber.runner.Runner.runPickle(Runner.java:80)
	at cucumber.runtime.junit.PickleRunners$NoStepDescriptions.run(PickleRunners.java:140)
	at cucumber.runtime.junit.FeatureRunner.runChild(FeatureRunner.java:68)
	at cucumber.runtime.junit.FeatureRunner.runChild(FeatureRunner.java:23)
	at org.junit.runners.ParentRunner$3.run(ParentRunner.java:290)
	at org.junit.runners.ParentRunner$1.schedule(ParentRunner.java:71)
	at org.junit.runners.ParentRunner.runChildren(ParentRunner.java:288)
	at org.junit.runners.ParentRunner.access$000(ParentRunner.java:58)
	at org.junit.runners.ParentRunner$2.evaluate(ParentRunner.java:268)
	at org.junit.runners.ParentRunner.run(ParentRunner.java:363)
	at cucumber.runtime.junit.FeatureRunner.run(FeatureRunner.java:73)
	at cucumber.api.junit.Cucumber.runChild(Cucumber.java:118)
	at cucumber.api.junit.Cucumber.runChild(Cucumber.java:56)
	at org.junit.runners.ParentRunner$3.run(ParentRunner.java:290)
	at org.junit.runners.ParentRunner$1.schedule(ParentRunner.java:71)
	at org.junit.runners.ParentRunner.runChildren(ParentRunner.java:288)
	at org.junit.runners.ParentRunner.access$000(ParentRunner.java:58)
	at org.junit.runners.ParentRunner$2.evaluate(ParentRunner.java:268)
	at cucumber.api.junit.Cucumber$1.evaluate(Cucumber.java:127)
	at org.junit.runners.ParentRunner.run(ParentRunner.java:363)
	at org.gradle.api.internal.tasks.testing.junit.JUnitTestClassExecutor.runTestClass(JUnitTestClassExecutor.java:110)
	at org.gradle.api.internal.tasks.testing.junit.JUnitTestClassExecutor.execute(JUnitTestClassExecutor.java:58)
	at org.gradle.api.internal.tasks.testing.junit.JUnitTestClassExecutor.execute(JUnitTestClassExecutor.java:38)
	at org.gradle.api.internal.tasks.testing.junit.AbstractJUnitTestClassProcessor.processTestClass(AbstractJUnitTestClassProcessor.java:62)
	at org.gradle.api.internal.tasks.testing.SuiteTestClassProcessor.processTestClass(SuiteTestClassProcessor.java:51)
	at sun.reflect.NativeMethodAccessorImpl.invoke0(Native Method)
	at sun.reflect.NativeMethodAccessorImpl.invoke(NativeMethodAccessorImpl.java:62)
	at sun.reflect.DelegatingMethodAccessorImpl.invoke(DelegatingMethodAccessorImpl.java:43)
	at java.lang.reflect.Method.invoke(Method.java:498)
	at org.gradle.internal.dispatch.ReflectionDispatch.dispatch(ReflectionDispatch.java:35)
	at org.gradle.internal.dispatch.ReflectionDispatch.dispatch(ReflectionDispatch.java:24)
	at org.gradle.internal.dispatch.ContextClassLoaderDispatch.dispatch(ContextClassLoaderDispatch.java:32)
	at org.gradle.internal.dispatch.ProxyDispatchAdapter$DispatchingInvocationHandler.invoke(ProxyDispatchAdapter.java:93)
	at com.sun.proxy.$Proxy2.processTestClass(Unknown Source)
	at org.gradle.api.internal.tasks.testing.worker.TestWorker.processTestClass(TestWorker.java:118)
	at sun.reflect.NativeMethodAccessorImpl.invoke0(Native Method)
	at sun.reflect.NativeMethodAccessorImpl.invoke(NativeMethodAccessorImpl.java:62)
	at sun.reflect.DelegatingMethodAccessorImpl.invoke(DelegatingMethodAccessorImpl.java:43)
	at java.lang.reflect.Method.invoke(Method.java:498)
	at org.gradle.internal.dispatch.ReflectionDispatch.dispatch(ReflectionDispatch.java:35)
	at org.gradle.internal.dispatch.ReflectionDispatch.dispatch(ReflectionDispatch.java:24)
	at org.gradle.internal.remote.internal.hub.MessageHubBackedObjectConnection$DispatchWrapper.dispatch(MessageHubBackedObjectConnection.java:175)
	at org.gradle.internal.remote.internal.hub.MessageHubBackedObjectConnection$DispatchWrapper.dispatch(MessageHubBackedObjectConnection.java:157)
	at org.gradle.internal.remote.internal.hub.MessageHub$Handler.run(MessageHub.java:404)
	at org.gradle.internal.concurrent.ExecutorPolicy$CatchAndRecordFailures.onExecute(ExecutorPolicy.java:63)
	at org.gradle.internal.concurrent.ManagedExecutorImpl$1.run(ManagedExecutorImpl.java:46)
	at java.util.concurrent.ThreadPoolExecutor.runWorker(ThreadPoolExecutor.java:1149)
	at java.util.concurrent.ThreadPoolExecutor$Worker.run(ThreadPoolExecutor.java:624)
	at org.gradle.internal.concurrent.ThreadFactoryImpl$ManagedThreadRunnable.run(ThreadFactoryImpl.java:55)
	at java.lang.Thread.run(Thread.java:748)
</failure>
  </testcase>
  <system-out><![CDATA[]]></system-out>
  <system-err><![CDATA[[Test worker] WARN net.thucydides.core.steps.BaseStepListener - stepStarted: net.thucydides.core.steps.ExecutedStepDescription@588ffd00
[Test worker] WARN net.thucydides.core.steps.BaseStepListener - stepStarted: net.thucydides.core.steps.ExecutedStepDescription@4241c93d
[Test worker] WARN net.thucydides.core.steps.BaseStepListener - stepStarted: net.thucydides.core.steps.ExecutedStepDescription@18785ef4
[Test worker] WARN net.thucydides.core.steps.BaseStepListener - testFinished: Registro de datos:Given que un usuario quiere registrar sus datos en utest, When el usuario registre sus datos
| srtName | srtLastName | srtEmail | srtMonth | srtDay | srtYear | srtLanguage | srtZip | srtCountry | srtSystem | srtVersion | srtLanguages | srtMobil | srtModel | srtSystemMobile | srtPassword | srtConfirmPassword |
| camilo | lopera | camilolopera1@gmail.com | August | 29 | 1997 | Spanish | 050015 | Colombia | Windows | Windows 10 Home | Spanish | xiaomi | MI 9T | Android 10 | A123789456a* | A123789456a* |, Then registro sus datos correctamente
| srtConfirm |
| We are excited that you have found your way to uTest - home of the largest community of digital freelance software testers in the world! First, please check your email inbox to confirm your email address and complete your uTest registration. |
[Test worker] WARN net.thucydides.core.steps.BaseStepListener - TestOutcomes: [Registro de datos:Given que un usuario quiere registrar sus datos en utest, When el usuario registre sus datos
| srtName | srtLastName | srtEmail | srtMonth | srtDay | srtYear | srtLanguage | srtZip | srtCountry | srtSystem | srtVersion | srtLanguages | srtMobil | srtModel | srtSystemMobile | srtPassword | srtConfirmPassword |
| camilo | lopera | camilolopera1@gmail.com | August | 29 | 1997 | Spanish | 050015 | Colombia | Windows | Windows 10 Home | Spanish | xiaomi | MI 9T | Android 10 | A123789456a* | A123789456a* |, Then registro sus datos correctamente
| srtConfirm |
| We are excited that you have found your way to uTest - home of the largest community of digital freelance software testers in the world! First, please check your email inbox to confirm your email address and complete your uTest registration. |]
[Test worker] WARN net.thucydides.core.steps.BaseStepListener - Final testOutcomes: [Registro de datos:Given que un usuario quiere registrar sus datos en utest, When el usuario registre sus datos
| srtName | srtLastName | srtEmail | srtMonth | srtDay | srtYear | srtLanguage | srtZip | srtCountry | srtSystem | srtVersion | srtLanguages | srtMobil | srtModel | srtSystemMobile | srtPassword | srtConfirmPassword |
| camilo | lopera | camilolopera1@gmail.com | August | 29 | 1997 | Spanish | 050015 | Colombia | Windows | Windows 10 Home | Spanish | xiaomi | MI 9T | Android 10 | A123789456a* | A123789456a* |, Then registro sus datos correctamente
| srtConfirm |
| We are excited that you have found your way to uTest - home of the largest community of digital freelance software testers in the world! First, please check your email inbox to confirm your email address and complete your uTest registration. |]
[Test worker] ERROR net.thucydides.core.steps.ConsoleLoggingListener - 
           __  _____ _____ ____ _____   _____ _    ___ _     _____ ____  
  _       / / |_   _| ____/ ___|_   _| |  ___/ \  |_ _| |   | ____|  _ \ 
 (_)_____| |    | | |  _| \___ \ | |   | |_ / _ \  | || |   |  _| | | | |
  _|_____| |    | | | |___ ___) || |   |  _/ ___ \ | || |___| |___| |_| |
 (_)     | |    |_| |_____|____/ |_|   |_|/_/   \_\___|_____|_____|____/ 
          \_\                                                            

TEST FAILED WITH ERROR: Registro de datos
---------------------------------------------------------------------
[Test worker] ERROR net.thucydides.core.steps.ConsoleLoggingListener - TEST FAILED AT STEP Given que un usuario quiere registrar sus datos en utest
[Test worker] ERROR net.thucydides.core.steps.ConsoleLoggingListener - Arity mismatch: Step Definition 'co.com.choucair.certification.retoFinal.stepdefinitions.ChoucairAcademyStepDefinitions.queUnUsuarioQuiereRegistrarSusDatosEnUtest(UtestData>) in file:/C:/Users/Usuario/IdeaProjects/co.com.choucair.certification.retoFinal/build/classes/java/test/' with pattern [^que un usuario quiere registrar sus datos en utest$] is declared with 1 parameters. However, the gherkin step has 0 arguments []. 
]]></system-err>
</testsuite>
