<?xml version="1.0" encoding="UTF-8"?><testsuite errors="1" failures="0" name="registro en utest" skipped="0" tests="1" time="0.28" timestamp="2021-02-11 04:21:18"><testcase name="Registro de datos"><error message="Arity mismatch: Step Definition 'co.com.choucair.certification.retoFinal.stepdefinitions.ChoucairAcademyStepDefinitions.queUnUsuarioQuiereRegistrarSusDatosEnUtest(UtestData&gt;) in file:/C:/Users/Usuario/IdeaProjects/co.com.choucair.certification.retoFinal/build/classes/java/test/' with pattern [^que un usuario quiere registrar sus datos en utest$] is declared with 1 parameters. However, the gherkin step has 0 arguments []. &#10;Step text: que un usuario quiere registrar sus datos en utest" type="cucumber.runtime.CucumberException">Arity mismatch: Step Definition 'co.com.choucair.certification.retoFinal.stepdefinitions.ChoucairAcademyStepDefinitions.queUnUsuarioQuiereRegistrarSusDatosEnUtest(UtestData&gt;) in file:/C:/Users/Usuario/IdeaProjects/co.com.choucair.certification.retoFinal/build/classes/java/test/' with pattern [^que un usuario quiere registrar sus datos en utest$] is declared with 1 parameters. However, the gherkin step has 0 arguments []. 
Step text: que un usuario quiere registrar sus datos en utest</error><system-err>Arity mismatch: Step Definition 'co.com.choucair.certification.retoFinal.stepdefinitions.ChoucairAcademyStepDefinitions.queUnUsuarioQuiereRegistrarSusDatosEnUtest(UtestData&gt;) in file:/C:/Users/Usuario/IdeaProjects/co.com.choucair.certification.retoFinal/build/classes/java/test/' with pattern [^que un usuario quiere registrar sus datos en utest$] is declared with 1 parameters. However, the gherkin step has 0 arguments []. 
Step text: que un usuario quiere registrar sus datos en utest&#13;
cucumber.runner.Runner.runPickle(Runner.java:80)&#13;
</system-err></testcase></testsuite>